  ConsoleDownloader.c
c:\users\218\documents\cdowner\downloader\downloader\consoledownloader.c(13): warning C4996: 'strcpy': This function or variable may be unsafe. Consider using strcpy_s instead. To disable deprecation, use _CRT_SECURE_NO_WARNINGS. See online help for details.
  c:\program files (x86)\windows kits\10\include\10.0.10240.0\ucrt\string.h(119): note: 'strcpy' 선언을 참조하십시오.
c:\users\218\documents\cdowner\downloader\downloader\consoledownloader.c(14): warning C4996: 'strcpy': This function or variable may be unsafe. Consider using strcpy_s instead. To disable deprecation, use _CRT_SECURE_NO_WARNINGS. See online help for details.
  c:\program files (x86)\windows kits\10\include\10.0.10240.0\ucrt\string.h(119): note: 'strcpy' 선언을 참조하십시오.
c:\users\218\documents\cdowner\downloader\downloader\consoledownloader.c(36): warning C4996: 'sprintf': This function or variable may be unsafe. Consider using sprintf_s instead. To disable deprecation, use _CRT_SECURE_NO_WARNINGS. See online help for details.
  c:\program files (x86)\windows kits\10\include\10.0.10240.0\ucrt\stdio.h(1769): note: 'sprintf' 선언을 참조하십시오.
c:\users\218\documents\cdowner\downloader\downloader\consoledownloader.c(42): warning C4996: 'sprintf': This function or variable may be unsafe. Consider using sprintf_s instead. To disable deprecation, use _CRT_SECURE_NO_WARNINGS. See online help for details.
  c:\program files (x86)\windows kits\10\include\10.0.10240.0\ucrt\stdio.h(1769): note: 'sprintf' 선언을 참조하십시오.
c:\users\218\documents\cdowner\downloader\downloader\consoledownloader.c(48): warning C4996: 'sprintf': This function or variable may be unsafe. Consider using sprintf_s instead. To disable deprecation, use _CRT_SECURE_NO_WARNINGS. See online help for details.
  c:\program files (x86)\windows kits\10\include\10.0.10240.0\ucrt\stdio.h(1769): note: 'sprintf' 선언을 참조하십시오.
c:\users\218\documents\cdowner\downloader\downloader\consoledownloader.c(62): warning C4996: 'fopen': This function or variable may be unsafe. Consider using fopen_s instead. To disable deprecation, use _CRT_SECURE_NO_WARNINGS. See online help for details.
  c:\program files (x86)\windows kits\10\include\10.0.10240.0\ucrt\stdio.h(205): note: 'fopen' 선언을 참조하십시오.
c:\users\218\documents\cdowner\downloader\downloader\consoledownloader.c(110): warning C4047: '함수': 'char *'의 간접 참조 수준이 'char **'과(와) 다릅니다.
c:\users\218\documents\cdowner\downloader\downloader\consoledownloader.c(110): warning C4024: 'strcpy': 형식 및 실제 매개 변수 1의 형식이 서로 다릅니다.
c:\users\218\documents\cdowner\downloader\downloader\consoledownloader.c(114): warning C4047: '함수': 'char *'의 간접 참조 수준이 'char **'과(와) 다릅니다.
c:\users\218\documents\cdowner\downloader\downloader\consoledownloader.c(114): warning C4024: 'strcpy': 형식 및 실제 매개 변수 1의 형식이 서로 다릅니다.
c:\users\218\documents\cdowner\downloader\downloader\consoledownloader.c(118): warning C4047: '함수': 'char *'의 간접 참조 수준이 'char **'과(와) 다릅니다.
c:\users\218\documents\cdowner\downloader\downloader\consoledownloader.c(118): warning C4024: 'strcpy': 형식 및 실제 매개 변수 1의 형식이 서로 다릅니다.
c:\users\218\documents\cdowner\downloader\downloader\consoledownloader.c(101): warning C4996: 'fopen': This function or variable may be unsafe. Consider using fopen_s instead. To disable deprecation, use _CRT_SECURE_NO_WARNINGS. See online help for details.
  c:\program files (x86)\windows kits\10\include\10.0.10240.0\ucrt\stdio.h(205): note: 'fopen' 선언을 참조하십시오.
c:\users\218\documents\cdowner\downloader\downloader\consoledownloader.c(107): warning C4996: 'strtok': This function or variable may be unsafe. Consider using strtok_s instead. To disable deprecation, use _CRT_SECURE_NO_WARNINGS. See online help for details.
  c:\program files (x86)\windows kits\10\include\10.0.10240.0\ucrt\string.h(453): note: 'strtok' 선언을 참조하십시오.
c:\users\218\documents\cdowner\downloader\downloader\consoledownloader.c(110): warning C4996: 'strcpy': This function or variable may be unsafe. Consider using strcpy_s instead. To disable deprecation, use _CRT_SECURE_NO_WARNINGS. See online help for details.
  c:\program files (x86)\windows kits\10\include\10.0.10240.0\ucrt\string.h(119): note: 'strcpy' 선언을 참조하십시오.
c:\users\218\documents\cdowner\downloader\downloader\consoledownloader.c(111): warning C4477: 'printf' : 서식 문자열 '%s'에 'char *' 형식의 인수가 필요하지만 variadic 인수 1의 형식이 'char **'입니다.
c:\users\218\documents\cdowner\downloader\downloader\consoledownloader.c(112): warning C4996: 'strtok': This function or variable may be unsafe. Consider using strtok_s instead. To disable deprecation, use _CRT_SECURE_NO_WARNINGS. See online help for details.
  c:\program files (x86)\windows kits\10\include\10.0.10240.0\ucrt\string.h(453): note: 'strtok' 선언을 참조하십시오.
c:\users\218\documents\cdowner\downloader\downloader\consoledownloader.c(114): warning C4996: 'strcpy': This function or variable may be unsafe. Consider using strcpy_s instead. To disable deprecation, use _CRT_SECURE_NO_WARNINGS. See online help for details.
  c:\program files (x86)\windows kits\10\include\10.0.10240.0\ucrt\string.h(119): note: 'strcpy' 선언을 참조하십시오.
c:\users\218\documents\cdowner\downloader\downloader\consoledownloader.c(115): warning C4477: 'printf' : 서식 문자열 '%s'에 'char *' 형식의 인수가 필요하지만 variadic 인수 1의 형식이 'char **'입니다.
c:\users\218\documents\cdowner\downloader\downloader\consoledownloader.c(116): warning C4996: 'strtok': This function or variable may be unsafe. Consider using strtok_s instead. To disable deprecation, use _CRT_SECURE_NO_WARNINGS. See online help for details.
  c:\program files (x86)\windows kits\10\include\10.0.10240.0\ucrt\string.h(453): note: 'strtok' 선언을 참조하십시오.
c:\users\218\documents\cdowner\downloader\downloader\consoledownloader.c(118): warning C4996: 'strcpy': This function or variable may be unsafe. Consider using strcpy_s instead. To disable deprecation, use _CRT_SECURE_NO_WARNINGS. See online help for details.
  c:\program files (x86)\windows kits\10\include\10.0.10240.0\ucrt\string.h(119): note: 'strcpy' 선언을 참조하십시오.
c:\users\218\documents\cdowner\downloader\downloader\consoledownloader.c(119): warning C4477: 'printf' : 서식 문자열 '%s'에 'char *' 형식의 인수가 필요하지만 variadic 인수 1의 형식이 'char **'입니다.
c:\users\218\documents\cdowner\downloader\downloader\consoledownloader.c(160): warning C4013: 'gets'이(가) 정의되지 않았습니다. extern은 int형을 반환하는 것으로 간주합니다.
c:\users\218\documents\cdowner\downloader\downloader\consoledownloader.c(152): warning C4477: 'printf' : 서식 문자열 '%s'에 'char *' 형식의 인수가 필요하지만 variadic 인수 1의 형식이 'char **'입니다.
c:\users\218\documents\cdowner\downloader\downloader\consoledownloader.c(163): warning C4996: 'strtok': This function or variable may be unsafe. Consider using strtok_s instead. To disable deprecation, use _CRT_SECURE_NO_WARNINGS. See online help for details.
  c:\program files (x86)\windows kits\10\include\10.0.10240.0\ucrt\string.h(453): note: 'strtok' 선언을 참조하십시오.
c:\users\218\documents\cdowner\downloader\downloader\consoledownloader.c(164): warning C4996: 'strtok': This function or variable may be unsafe. Consider using strtok_s instead. To disable deprecation, use _CRT_SECURE_NO_WARNINGS. See online help for details.
  c:\program files (x86)\windows kits\10\include\10.0.10240.0\ucrt\string.h(453): note: 'strtok' 선언을 참조하십시오.
c:\users\218\documents\cdowner\downloader\downloader\consoledownloader.c(165): warning C4996: 'strtok': This function or variable may be unsafe. Consider using strtok_s instead. To disable deprecation, use _CRT_SECURE_NO_WARNINGS. See online help for details.
  c:\program files (x86)\windows kits\10\include\10.0.10240.0\ucrt\string.h(453): note: 'strtok' 선언을 참조하십시오.
  Downloader.vcxproj -> C:\Users\218\Documents\CDowner\Downloader\Debug\Downloader.exe
  Downloader.vcxproj -> C:\Users\218\Documents\CDowner\Downloader\Debug\Downloader.pdb (Full PDB)
